<?xml version="1.0" encoding="UTF-8"?>
<!-- Generated by org.testng.reporters.JUnitReportReporter -->
<testsuite hostname="Users-MacBook-Pro.local" failures="0" tests="2" name="qa.walo.testcases.ContactPageTest" time="28.532" errors="0" timestamp="2020-10-26T15:04:18 EDT" skipped="0">
  <testcase classname="qa.walo.testcases.ContactPageTest" name="verifyContactPageTitleTest" time="12.158"/>
  <system-out/>
  <testcase classname="qa.walo.testcases.ContactPageTest" name="verifyContactPageURLTest" time="16.374"/>
  <system-out/>
</testsuite> <!-- qa.walo.testcases.ContactPageTest -->
